Features:
  ['Family_add', 'Family_mul', 'Family_sub-min', 'Family_sub_abs', 'Name_ex', 'Parch', 'Pclass-1', 'Title', 'bin(Age)', 'bin(Fare)', 'bin(log(Fare))', 'cat(Cabin_pf)', 'cat(Sex)', 'cat(Ticket_pf)', 'cnt(Name_fst)', 'cnt(Name_lst)', 'log(Fare)']

PCA:
  cat: 16 => 8
  num: 14 => 8
  all: 17 => 8
Accuracy:
  SVC: 78.987342% / 77.227723%
  NuSVC: 78.860759% / 77.227723%
  NuSVC: 79.493671% / 80.198020%
  NuSVC: 81.139241% / 82.178218%
  LinearSVC: 81.772152% / 85.148515%
  LinearSVC: 81.772152% / 84.158416%
  LogisticRegression: 81.772152% / 85.148515%
  LogisticRegression: 82.025316% / 83.168317%
  LogisticRegression: 81.772152% / 85.148515%
  LogisticRegression: 82.025316% / 83.168317%
  LogisticRegression: 81.772152% / 84.158416%
  LogisticRegression: 82.025316% / 83.168317%
  RidgeClassifier: 81.772152% / 83.168317%
  SGDClassifier: 78.734177% / 84.158416%
  SGDClassifier: 80.126582% / 76.237624%
  Perceptron: 68.354430% / 69.306931%
  Perceptron: 76.202532% / 79.207921%
  Perceptron: 68.734177% / 79.207921%
  MLPClassifier: 81.772152% / 83.168317%
  MLPClassifier: 81.518987% / 84.158416%
  MLPClassifier: 82.405063% / 85.148515%
  MLPClassifier: 82.405063% / 84.158416%
  KNeighborsClassifier: 79.620253% / 84.158416%
  KNeighborsClassifier: 80.632911% / 83.168317%
  KNeighborsClassifier: 79.367089% / 85.148515%
  KNeighborsClassifier: 78.987342% / 83.168317%
  GaussianNB: 76.835443% / 79.207921%
  MultinomialNB: failed
  BernoulliNB: 72.784810% / 80.198020%
  DecisionTreeClassifier: 76.582278% / 78.217822%
  DecisionTreeClassifier: 79.240506% / 79.207921%
  DecisionTreeClassifier: 76.962025% / 79.207921%
  DecisionTreeClassifier: 77.215190% / 79.207921%
  ExtraTreeClassifier: 75.443038% / 79.207921%
  ExtraTreeClassifier: 76.455696% / 76.237624%
  ExtraTreeClassifier: 71.645570% / 74.257426%
  ExtraTreeClassifier: 70.379747% / 78.217822%
  RandomForestClassifier: 77.088608% / 80.198020%
  RandomForestClassifier: 76.708861% / 81.188119%
  ExtraTreesClassifier: 75.063291% / 78.217822%
  ExtraTreesClassifier: 75.063291% / 78.217822%
  BaggingClassifier: 76.202532% / 78.217822%
  BaggingClassifier: 76.962025% / 81.188119%
  BaggingClassifier: 76.835443% / 88.118812%
  AdaBoostClassifier: 79.367089% / 82.178218%
  AdaBoostClassifier: 78.481013% / 82.178218%
  AdaBoostClassifier: 78.987342% / 82.178218%
  GradientBoostingClassifier: 80.886076% / 84.158416%
  GradientBoostingClassifier: 80.126582% / 84.158416%
  GradientBoostingClassifier: 81.518987% / 81.188119%
  HistGradientBoostingClassifier: 76.202532% / 78.217822%

Mean accuracy:
  train(cv): 78.341772%
  test: 81.128713%
