Features:
  ['Family_add', 'Family_mul', 'Family_sub-min', 'Family_sub_abs', 'Name_ex', 'Parch', 'Pclass-1', 'Title', 'bin(Age)', 'bin(Fare)', 'bin(log(Fare))', 'cat(Cabin_pf)', 'cat(Sex)', 'cat(Ticket_pf)', 'cnt(Name_fst)', 'cnt(Name_lst)', 'log(Fare)']

PCA:
  cat: 16 => 12
  num: 14 => 12
  all: 17 => 12
Accuracy:
  SVC: 82.151899% / 85.148515%
  NuSVC: 78.860759% / 77.227723%
  NuSVC: 80.379747% / 84.158416%
  NuSVC: 81.772152% / 85.148515%
  LinearSVC: 81.772152% / 86.138614%
  LinearSVC: 82.151899% / 86.138614%
  LogisticRegression: 81.392405% / 85.148515%
  LogisticRegression: 81.772152% / 83.168317%
  LogisticRegression: 81.392405% / 85.148515%
  LogisticRegression: 81.772152% / 83.168317%
  LogisticRegression: 82.025316% / 84.158416%
  LogisticRegression: 81.772152% / 83.168317%
  RidgeClassifier: 81.898734% / 86.138614%
  SGDClassifier: 81.645570% / 74.257426%
  SGDClassifier: 78.734177% / 84.158416%
  Perceptron: 72.025316% / 40.594059%
  Perceptron: 75.949367% / 85.148515%
  Perceptron: 70.000000% / 43.564356%
  MLPClassifier: 81.645570% / 86.138614%
  MLPClassifier: 82.025316% / 85.148515%
  MLPClassifier: 81.518987% / 87.128713%
  MLPClassifier: 82.025316% / 82.178218%
  KNeighborsClassifier: 81.012658% / 87.128713%
  KNeighborsClassifier: 80.759494% / 85.148515%
  KNeighborsClassifier: 78.734177% / 90.099010%
  KNeighborsClassifier: 79.493671% / 86.138614%
  GaussianNB: 76.708861% / 73.267327%
  MultinomialNB: failed
  BernoulliNB: 72.911392% / 77.227723%
  DecisionTreeClassifier: 76.075949% / 80.198020%
  DecisionTreeClassifier: 78.607595% / 77.227723%
  DecisionTreeClassifier: 76.075949% / 78.217822%
  DecisionTreeClassifier: 77.088608% / 80.198020%
  ExtraTreeClassifier: 73.037975% / 75.247525%
  ExtraTreeClassifier: 76.962025% / 73.267327%
  ExtraTreeClassifier: 74.430380% / 70.297030%
  ExtraTreeClassifier: 73.164557% / 70.297030%
  RandomForestClassifier: 77.848101% / 78.217822%
  RandomForestClassifier: 77.341772% / 78.217822%
  ExtraTreesClassifier: 67.974684% / 74.257426%
  ExtraTreesClassifier: 67.594937% / 74.257426%
  BaggingClassifier: 76.835443% / 68.316832%
  BaggingClassifier: 76.962025% / 67.326733%
  BaggingClassifier: 76.962025% / 67.326733%
  AdaBoostClassifier: 79.746835% / 81.188119%
  AdaBoostClassifier: 78.607595% / 82.178218%
  AdaBoostClassifier: 80.886076% / 84.158416%
  GradientBoostingClassifier: 80.759494% / 80.198020%
  GradientBoostingClassifier: 81.012658% / 81.188119%
  GradientBoostingClassifier: 82.405063% / 78.217822%
  HistGradientBoostingClassifier: 75.949367% / 84.158416%

Mean accuracy:
  train(cv): 78.412658%
  test: 78.910891%
